<?xml version="1.0" encoding="UTF-8"?>
<!-- Generated by org.testng.reporters.JUnitReportReporter -->
<testsuite hostname="DESKTOP-S344IQT" failures="0" tests="1" name="testNG.Demo01" time="0.008" errors="0" timestamp="2022-08-30T17:24:26 IST" skipped="0">
  <testcase classname="testNG.Demo01" name="m2" time="0.008"/>
  <system-out/>
</testsuite> <!-- testNG.Demo01 -->
