<?xml version="1.0" encoding="UTF-8"?>
<!-- Generated by org.testng.reporters.JUnitReportReporter -->
<testsuite hostname="DESKTOP-S344IQT" failures="0" tests="1" name="keywordTestNG.Demo01" time="0.010" errors="0" timestamp="2022-08-26T17:09:19 IST" skipped="0">
  <testcase classname="keywordTestNG.Demo01" name="m1" time="0.010"/>
  <system-out/>
</testsuite> <!-- keywordTestNG.Demo01 -->
