<?xml version="1.0" encoding="UTF-8"?>
<!-- Generated by org.testng.reporters.JUnitReportReporter -->
<testsuite hostname="DESKTOP-S344IQT" failures="0" tests="1" name="arrayProgram.TestClass" time="0.010" errors="0" timestamp="2022-08-25T21:22:51 IST" skipped="0">
  <testcase classname="arrayProgram.TestClass" name="m2" time="0.010"/>
  <system-out/>
</testsuite> <!-- arrayProgram.TestClass -->
